<?xml version="1.0" encoding="UTF-8"?>
<testng-results skipped="0" failed="1" ignored="4" total="10" passed="5">
  <reporter-output>
  </reporter-output>
  <suite name="Suite" duration-ms="42488" started-at="2021-01-29T04:24:54Z" finished-at="2021-01-29T04:25:37Z">
    <groups>
    </groups>
    <test name="Test" duration-ms="42488" started-at="2021-01-29T04:24:54Z" finished-at="2021-01-29T04:25:37Z">
      <class name="com.automation.Test.LoginTest">
        <test-method status="PASS" signature="initializedriver()[pri:0, instance:com.automation.Test.LoginTest@20e2cbe0]" name="initializedriver" is-config="true" duration-ms="17022" started-at="2021-01-29T09:54:54Z" finished-at="2021-01-29T09:55:11Z">
          <reporter-output>
          </reporter-output>
        </test-method> <!-- initializedriver -->
        <test-method status="PASS" signature="invalidlogin()[pri:0, instance:com.automation.Test.LoginTest@20e2cbe0]" name="invalidlogin" duration-ms="2217" started-at="2021-01-29T09:55:11Z" finished-at="2021-01-29T09:55:13Z">
          <reporter-output>
          </reporter-output>
        </test-method> <!-- invalidlogin -->
        <test-method status="PASS" signature="validlogin()[pri:0, instance:com.automation.Test.LoginTest@20e2cbe0]" name="validlogin" duration-ms="7531" started-at="2021-01-29T09:55:13Z" finished-at="2021-01-29T09:55:21Z">
          <reporter-output>
          </reporter-output>
        </test-method> <!-- validlogin -->
        <test-method status="PASS" signature="closedriver()[pri:0, instance:com.automation.Test.LoginTest@20e2cbe0]" name="closedriver" is-config="true" duration-ms="177" started-at="2021-01-29T09:55:37Z" finished-at="2021-01-29T09:55:37Z">
          <reporter-output>
          </reporter-output>
        </test-method> <!-- closedriver -->
      </class> <!-- com.automation.Test.LoginTest -->
      <class name="com.automation.Test.USermgmtTest">
        <test-method status="FAIL" signature="selectuserrole()[pri:0, instance:com.automation.Test.USermgmtTest@28feb3fa]" name="selectuserrole" duration-ms="124" started-at="2021-01-29T09:55:29Z" finished-at="2021-01-29T09:55:29Z">
          <exception class="org.openqa.selenium.NoSuchElementException">
            <message>
              <![CDATA[no such element: Unable to locate element: {"method":"css selector","selector":"#systemUser_userType"}
  (Session info: chrome=88.0.4324.104)
For documentation on this error, please visit: http://seleniumhq.org/exceptions/no_such_element.html
Build info: version: '3.6.0', revision: '6fbf3ec767', time: '2017-09-27T15:28:36.4Z'
System info: host: 'DESKTOP-E01D2FU', ip: '192.168.43.205', os.name: 'Windows 10', os.arch: 'amd64', os.version: '10.0', java.version: '1.8.0_221'
Driver info: org.openqa.selenium.chrome.ChromeDriver
Capabilities [{networkConnectionEnabled=false, chrome={chromedriverVersion=88.0.4324.96 (68dba2d8a0b149a1d3afac56fa74648032bcf46b-refs/branch-heads/4324@{#1784}), userDataDir=C:\Users\Sanket\AppData\Local\Temp\scoped_dir15112_1656495174}, timeouts={implicit=0, pageLoad=300000, script=30000}, pageLoadStrategy=normal, unhandledPromptBehavior=dismiss and notify, strictFileInteractability=false, platform=WINDOWS, proxy=Proxy(), goog:chromeOptions={debuggerAddress=localhost:51205}, acceptInsecureCerts=false, browserVersion=88.0.4324.104, browserName=chrome, javascriptEnabled=true, platformName=WINDOWS, setWindowRect=true, webauthn:extension:largeBlob=true, webauthn:virtualAuthenticators=true}]
Session ID: 2766695d7d1b5fd3d0e5be3485e9a2ed
*** Element info: {Using=id, value=systemUser_userType}]]>
            </message>
            <full-stacktrace>
              <![CDATA[org.openqa.selenium.NoSuchElementException: no such element: Unable to locate element: {"method":"css selector","selector":"#systemUser_userType"}
  (Session info: chrome=88.0.4324.104)
For documentation on this error, please visit: http://seleniumhq.org/exceptions/no_such_element.html
Build info: version: '3.6.0', revision: '6fbf3ec767', time: '2017-09-27T15:28:36.4Z'
System info: host: 'DESKTOP-E01D2FU', ip: '192.168.43.205', os.name: 'Windows 10', os.arch: 'amd64', os.version: '10.0', java.version: '1.8.0_221'
Driver info: org.openqa.selenium.chrome.ChromeDriver
Capabilities [{networkConnectionEnabled=false, chrome={chromedriverVersion=88.0.4324.96 (68dba2d8a0b149a1d3afac56fa74648032bcf46b-refs/branch-heads/4324@{#1784}), userDataDir=C:\Users\Sanket\AppData\Local\Temp\scoped_dir15112_1656495174}, timeouts={implicit=0, pageLoad=300000, script=30000}, pageLoadStrategy=normal, unhandledPromptBehavior=dismiss and notify, strictFileInteractability=false, platform=WINDOWS, proxy=Proxy(), goog:chromeOptions={debuggerAddress=localhost:51205}, acceptInsecureCerts=false, browserVersion=88.0.4324.104, browserName=chrome, javascriptEnabled=true, platformName=WINDOWS, setWindowRect=true, webauthn:extension:largeBlob=true, webauthn:virtualAuthenticators=true}]
Session ID: 2766695d7d1b5fd3d0e5be3485e9a2ed
*** Element info: {Using=id, value=systemUser_userType}
	at sun.reflect.NativeConstructorAccessorImpl.newInstance0(Native Method)
	at sun.reflect.NativeConstructorAccessorImpl.newInstance(NativeConstructorAccessorImpl.java:62)
	at sun.reflect.DelegatingConstructorAccessorImpl.newInstance(DelegatingConstructorAccessorImpl.java:45)
	at java.lang.reflect.Constructor.newInstance(Constructor.java:423)
	at org.openqa.selenium.remote.http.W3CHttpResponseCodec.createException(W3CHttpResponseCodec.java:185)
	at org.openqa.selenium.remote.http.W3CHttpResponseCodec.decode(W3CHttpResponseCodec.java:120)
	at org.openqa.selenium.remote.http.W3CHttpResponseCodec.decode(W3CHttpResponseCodec.java:49)
	at org.openqa.selenium.remote.HttpCommandExecutor.execute(HttpCommandExecutor.java:164)
	at org.openqa.selenium.remote.service.DriverCommandExecutor.execute(DriverCommandExecutor.java:83)
	at org.openqa.selenium.remote.RemoteWebDriver.execute(RemoteWebDriver.java:586)
	at org.openqa.selenium.remote.RemoteWebDriver.findElement(RemoteWebDriver.java:356)
	at org.openqa.selenium.remote.RemoteWebDriver.findElementById(RemoteWebDriver.java:402)
	at org.openqa.selenium.By$ById.findElement(By.java:218)
	at org.openqa.selenium.remote.RemoteWebDriver.findElement(RemoteWebDriver.java:348)
	at org.openqa.selenium.support.pagefactory.DefaultElementLocator.findElement(DefaultElementLocator.java:69)
	at org.openqa.selenium.support.pagefactory.internal.LocatingElementHandler.invoke(LocatingElementHandler.java:38)
	at com.sun.proxy.$Proxy9.getTagName(Unknown Source)
	at org.openqa.selenium.support.ui.Select.<init>(Select.java:44)
	at AutomationProject.automation.UsermgmtClass.selectuserrole(UsermgmtClass.java:24)
	at com.automation.Test.USermgmtTest.selectuserrole(USermgmtTest.java:26)
	at sun.reflect.NativeMethodAccessorImpl.invoke0(Native Method)
	at sun.reflect.NativeMethodAccessorImpl.invoke(NativeMethodAccessorImpl.java:62)
	at sun.reflect.DelegatingMethodAccessorImpl.invoke(DelegatingMethodAccessorImpl.java:43)
	at java.lang.reflect.Method.invoke(Method.java:498)
	at org.testng.internal.MethodInvocationHelper.invokeMethod(MethodInvocationHelper.java:104)
	at org.testng.internal.Invoker.invokeMethod(Invoker.java:645)
	at org.testng.internal.Invoker.invokeTestMethod(Invoker.java:851)
	at org.testng.internal.Invoker.invokeTestMethods(Invoker.java:1177)
	at org.testng.internal.TestMethodWorker.invokeTestMethods(TestMethodWorker.java:129)
	at org.testng.internal.TestMethodWorker.run(TestMethodWorker.java:112)
	at org.testng.TestRunner.privateRun(TestRunner.java:756)
	at org.testng.TestRunner.run(TestRunner.java:610)
	at org.testng.SuiteRunner.runTest(SuiteRunner.java:387)
	at org.testng.SuiteRunner.runSequentially(SuiteRunner.java:382)
	at org.testng.SuiteRunner.privateRun(SuiteRunner.java:340)
	at org.testng.SuiteRunner.run(SuiteRunner.java:289)
	at org.testng.SuiteRunnerWorker.runSuite(SuiteRunnerWorker.java:52)
	at org.testng.SuiteRunnerWorker.run(SuiteRunnerWorker.java:86)
	at org.testng.TestNG.runSuitesSequentially(TestNG.java:1293)
	at org.testng.TestNG.runSuitesLocally(TestNG.java:1218)
	at org.testng.TestNG.runSuites(TestNG.java:1133)
	at org.testng.TestNG.run(TestNG.java:1104)
	at org.testng.remote.AbstractRemoteTestNG.run(AbstractRemoteTestNG.java:126)
	at org.testng.remote.RemoteTestNG.initAndRun(RemoteTestNG.java:137)
	at org.testng.remote.RemoteTestNG.main(RemoteTestNG.java:58)
]]>
            </full-stacktrace>
          </exception> <!-- org.openqa.selenium.NoSuchElementException -->
          <reporter-output>
          </reporter-output>
        </test-method> <!-- selectuserrole -->
        <test-method status="PASS" signature="useradd()[pri:0, instance:com.automation.Test.USermgmtTest@28feb3fa]" name="useradd" duration-ms="6968" started-at="2021-01-29T09:55:29Z" finished-at="2021-01-29T09:55:36Z">
          <reporter-output>
          </reporter-output>
        </test-method> <!-- useradd -->
        <test-method status="PASS" signature="usermtmtclick()[pri:0, instance:com.automation.Test.USermgmtTest@28feb3fa]" name="usermtmtclick" duration-ms="187" started-at="2021-01-29T09:55:36Z" finished-at="2021-01-29T09:55:37Z">
          <reporter-output>
          </reporter-output>
        </test-method> <!-- usermtmtclick -->
      </class> <!-- com.automation.Test.USermgmtTest -->
      <class name="com.automation.Test.DashboardTest">
        <test-method status="PASS" signature="adminclick()[pri:0, instance:com.automation.Test.DashboardTest@68be2bc2]" name="adminclick" duration-ms="8381" started-at="2021-01-29T09:55:21Z" finished-at="2021-01-29T09:55:29Z">
          <reporter-output>
          </reporter-output>
        </test-method> <!-- adminclick -->
      </class> <!-- com.automation.Test.DashboardTest -->
    </test> <!-- Test -->
  </suite> <!-- Suite -->
</testng-results>
